<?xml version="1.0" encoding="UTF-8"?>
<testng-results skipped="0" failed="1" ignored="0" total="1" passed="0">
  <reporter-output>
  </reporter-output>
  <suite name="Default suite" duration-ms="37898" started-at="2017-11-17T19:12:39Z" finished-at="2017-11-17T19:13:17Z">
    <groups>
    </groups>
    <test name="Default test" duration-ms="37898" started-at="2017-11-17T19:12:39Z" finished-at="2017-11-17T19:13:17Z">
      <class name="winiumcases.winiumcase1">
        <test-method status="PASS" signature="setUpEnvironment()[pri:0, instance:winiumcases.winiumcase1@42d80b78]" name="setUpEnvironment" is-config="true" duration-ms="1041" started-at="2017-11-17T13:12:39Z" finished-at="2017-11-17T13:12:40Z">
          <reporter-output>
          </reporter-output>
        </test-method> <!-- setUpEnvironment -->
        <test-method status="FAIL" signature="testNotePadApplication()[pri:0, instance:winiumcases.winiumcase1@42d80b78]" name="testNotePadApplication" duration-ms="36750" started-at="2017-11-17T13:12:40Z" finished-at="2017-11-17T13:13:17Z">
          <exception class="org.openqa.selenium.NoSuchElementException">
            <message>
              <![CDATA[Element cannot be found (WARNING: The server did not provide any stacktrace information)
Command duration or timeout: 36.74 seconds
For documentation on this error, please visit: http://seleniumhq.org/exceptions/no_such_element.html
Build info: version: '2.47.1', revision: 'unknown', time: '2015-07-30 11:02:44'
System info: host: 'LAPTOP-IEPOTQSJ', ip: '192.168.1.116', os.name: 'Windows 10', os.arch: 'amd64', os.version: '10.0', java.version: '1.8.0_151'
Driver info: org.openqa.selenium.winium.WiniumDriver
Capabilities [{app=C:\Program Files\Notepad++\notepad++.exe, args=, innerPort=9998, debugConnectToRunningApp=false, keyboardSimulator=1, launchDelay=0, platform=ANY}]
Session ID: AwesomeSession
*** Element info: {Using=class name, value=Scintilla}]]>
            </message>
            <full-stacktrace>
              <![CDATA[org.openqa.selenium.NoSuchElementException: Element cannot be found (WARNING: The server did not provide any stacktrace information)
Command duration or timeout: 36.74 seconds
For documentation on this error, please visit: http://seleniumhq.org/exceptions/no_such_element.html
Build info: version: '2.47.1', revision: 'unknown', time: '2015-07-30 11:02:44'
System info: host: 'LAPTOP-IEPOTQSJ', ip: '192.168.1.116', os.name: 'Windows 10', os.arch: 'amd64', os.version: '10.0', java.version: '1.8.0_151'
Driver info: org.openqa.selenium.winium.WiniumDriver
Capabilities [{app=C:\Program Files\Notepad++\notepad++.exe, args=, innerPort=9998, debugConnectToRunningApp=false, keyboardSimulator=1, launchDelay=0, platform=ANY}]
Session ID: AwesomeSession
*** Element info: {Using=class name, value=Scintilla}
	at sun.reflect.NativeConstructorAccessorImpl.newInstance0(Native Method)
	at sun.reflect.NativeConstructorAccessorImpl.newInstance(Unknown Source)
	at sun.reflect.DelegatingConstructorAccessorImpl.newInstance(Unknown Source)
	at java.lang.reflect.Constructor.newInstance(Unknown Source)
	at org.openqa.selenium.remote.ErrorHandler.createThrowable(ErrorHandler.java:206)
	at org.openqa.selenium.remote.ErrorHandler.throwIfResponseFailed(ErrorHandler.java:158)
	at org.openqa.selenium.remote.RemoteWebDriver.execute(RemoteWebDriver.java:595)
	at org.openqa.selenium.remote.RemoteWebDriver.findElement(RemoteWebDriver.java:348)
	at org.openqa.selenium.remote.RemoteWebDriver.findElementByClassName(RemoteWebDriver.java:429)
	at winiumcases.winiumcase1.testNotePadApplication(winiumcase1.java:34)
	at sun.reflect.NativeMethodAccessorImpl.invoke0(Native Method)
	at sun.reflect.NativeMethodAccessorImpl.invoke(Unknown Source)
	at sun.reflect.DelegatingMethodAccessorImpl.invoke(Unknown Source)
	at java.lang.reflect.Method.invoke(Unknown Source)
	at org.testng.internal.MethodInvocationHelper.invokeMethod(MethodInvocationHelper.java:108)
	at org.testng.internal.Invoker.invokeMethod(Invoker.java:661)
	at org.testng.internal.Invoker.invokeTestMethod(Invoker.java:869)
	at org.testng.internal.Invoker.invokeTestMethods(Invoker.java:1193)
	at org.testng.internal.TestMethodWorker.invokeTestMethods(TestMethodWorker.java:126)
	at org.testng.internal.TestMethodWorker.run(TestMethodWorker.java:109)
	at org.testng.TestRunner.privateRun(TestRunner.java:744)
	at org.testng.TestRunner.run(TestRunner.java:602)
	at org.testng.SuiteRunner.runTest(SuiteRunner.java:380)
	at org.testng.SuiteRunner.runSequentially(SuiteRunner.java:375)
	at org.testng.SuiteRunner.privateRun(SuiteRunner.java:340)
	at org.testng.SuiteRunner.run(SuiteRunner.java:289)
	at org.testng.SuiteRunnerWorker.runSuite(SuiteRunnerWorker.java:52)
	at org.testng.SuiteRunnerWorker.run(SuiteRunnerWorker.java:86)
	at org.testng.TestNG.runSuitesSequentially(TestNG.java:1301)
	at org.testng.TestNG.runSuitesLocally(TestNG.java:1226)
	at org.testng.TestNG.runSuites(TestNG.java:1144)
	at org.testng.TestNG.run(TestNG.java:1115)
	at org.testng.remote.AbstractRemoteTestNG.run(AbstractRemoteTestNG.java:114)
	at org.testng.remote.RemoteTestNG.initAndRun(RemoteTestNG.java:251)
	at org.testng.remote.RemoteTestNG.main(RemoteTestNG.java:77)
]]>
            </full-stacktrace>
          </exception> <!-- org.openqa.selenium.NoSuchElementException -->
          <reporter-output>
          </reporter-output>
        </test-method> <!-- testNotePadApplication -->
        <test-method status="PASS" signature="tearDown()[pri:0, instance:winiumcases.winiumcase1@42d80b78]" name="tearDown" is-config="true" duration-ms="64" started-at="2017-11-17T13:13:17Z" finished-at="2017-11-17T13:13:17Z">
          <reporter-output>
          </reporter-output>
        </test-method> <!-- tearDown -->
      </class> <!-- winiumcases.winiumcase1 -->
    </test> <!-- Default test -->
  </suite> <!-- Default suite -->
</testng-results>
